Using launch settings from /app/PanjerehDotNet/src/PanjerehDotNet.Web/Properties/launchSettings.json...
Building...
info: Microsoft.EntityFrameworkCore.Database.Command[20101]
      Executed DbCommand (16ms) [Parameters=[], CommandType='Text', CommandTimeout='30']
      PRAGMA journal_mode = 'wal';
info: Microsoft.EntityFrameworkCore.Database.Command[20101]
      Executed DbCommand (0ms) [Parameters=[], CommandType='Text', CommandTimeout='30']
      CREATE TABLE "Categories" (
          "Id" INTEGER NOT NULL CONSTRAINT "PK_Categories" PRIMARY KEY AUTOINCREMENT,
          "Name" TEXT NOT NULL,
          "Icon" TEXT NULL,
          "ParentId" INTEGER NULL,
          CONSTRAINT "FK_Categories_Categories_ParentId" FOREIGN KEY ("ParentId") REFERENCES "Categories" ("Id")
      );
info: Microsoft.EntityFrameworkCore.Database.Command[20101]
      Executed DbCommand (0ms) [Parameters=[], CommandType='Text', CommandTimeout='30']
      CREATE TABLE "Users" (
          "Id" INTEGER NOT NULL CONSTRAINT "PK_Users" PRIMARY KEY AUTOINCREMENT,
          "PhoneNumber" TEXT NOT NULL,
          "FullName" TEXT NULL,
          "CreatedAt" TEXT NOT NULL,
          "IsAdmin" INTEGER NOT NULL
      );
info: Microsoft.EntityFrameworkCore.Database.Command[20101]
      Executed DbCommand (0ms) [Parameters=[], CommandType='Text', CommandTimeout='30']
      CREATE TABLE "Advertisements" (
          "Id" INTEGER NOT NULL CONSTRAINT "PK_Advertisements" PRIMARY KEY AUTOINCREMENT,
          "Title" TEXT NOT NULL,
          "Description" TEXT NOT NULL,
          "Price" TEXT NOT NULL,
          "CreatedAt" TEXT NOT NULL,
          "IsApproved" INTEGER NOT NULL,
          "UserId" INTEGER NOT NULL,
          "CategoryId" INTEGER NOT NULL,
          "Latitude" REAL NOT NULL,
          "Longitude" REAL NOT NULL,
          "City" TEXT NOT NULL,
          "District" TEXT NOT NULL,
          CONSTRAINT "FK_Advertisements_Categories_CategoryId" FOREIGN KEY ("CategoryId") REFERENCES "Categories" ("Id") ON DELETE CASCADE,
          CONSTRAINT "FK_Advertisements_Users_UserId" FOREIGN KEY ("UserId") REFERENCES "Users" ("Id") ON DELETE CASCADE
      );
info: Microsoft.EntityFrameworkCore.Database.Command[20101]
      Executed DbCommand (0ms) [Parameters=[], CommandType='Text', CommandTimeout='30']
      CREATE TABLE "AdImages" (
          "Id" INTEGER NOT NULL CONSTRAINT "PK_AdImages" PRIMARY KEY AUTOINCREMENT,
          "Url" TEXT NOT NULL,
          "AdvertisementId" INTEGER NOT NULL,
          CONSTRAINT "FK_AdImages_Advertisements_AdvertisementId" FOREIGN KEY ("AdvertisementId") REFERENCES "Advertisements" ("Id") ON DELETE CASCADE
      );
info: Microsoft.EntityFrameworkCore.Database.Command[20101]
      Executed DbCommand (0ms) [Parameters=[], CommandType='Text', CommandTimeout='30']
      CREATE TABLE "ChatMessages" (
          "Id" INTEGER NOT NULL CONSTRAINT "PK_ChatMessages" PRIMARY KEY AUTOINCREMENT,
          "Content" TEXT NOT NULL,
          "SentAt" TEXT NOT NULL,
          "IsRead" INTEGER NOT NULL,
          "SenderId" INTEGER NOT NULL,
          "ReceiverId" INTEGER NOT NULL,
          "AdvertisementId" INTEGER NOT NULL,
          CONSTRAINT "FK_ChatMessages_Advertisements_AdvertisementId" FOREIGN KEY ("AdvertisementId") REFERENCES "Advertisements" ("Id") ON DELETE CASCADE,
          CONSTRAINT "FK_ChatMessages_Users_ReceiverId" FOREIGN KEY ("ReceiverId") REFERENCES "Users" ("Id") ON DELETE RESTRICT,
          CONSTRAINT "FK_ChatMessages_Users_SenderId" FOREIGN KEY ("SenderId") REFERENCES "Users" ("Id") ON DELETE RESTRICT
      );
info: Microsoft.EntityFrameworkCore.Database.Command[20101]
      Executed DbCommand (0ms) [Parameters=[], CommandType='Text', CommandTimeout='30']
      CREATE INDEX "IX_AdImages_AdvertisementId" ON "AdImages" ("AdvertisementId");
info: Microsoft.EntityFrameworkCore.Database.Command[20101]
      Executed DbCommand (0ms) [Parameters=[], CommandType='Text', CommandTimeout='30']
      CREATE INDEX "IX_Advertisements_CategoryId" ON "Advertisements" ("CategoryId");
info: Microsoft.EntityFrameworkCore.Database.Command[20101]
      Executed DbCommand (0ms) [Parameters=[], CommandType='Text', CommandTimeout='30']
      CREATE INDEX "IX_Advertisements_UserId" ON "Advertisements" ("UserId");
info: Microsoft.EntityFrameworkCore.Database.Command[20101]
      Executed DbCommand (0ms) [Parameters=[], CommandType='Text', CommandTimeout='30']
      CREATE INDEX "IX_Categories_ParentId" ON "Categories" ("ParentId");
info: Microsoft.EntityFrameworkCore.Database.Command[20101]
      Executed DbCommand (0ms) [Parameters=[], CommandType='Text', CommandTimeout='30']
      CREATE INDEX "IX_ChatMessages_AdvertisementId" ON "ChatMessages" ("AdvertisementId");
info: Microsoft.EntityFrameworkCore.Database.Command[20101]
      Executed DbCommand (0ms) [Parameters=[], CommandType='Text', CommandTimeout='30']
      CREATE INDEX "IX_ChatMessages_ReceiverId" ON "ChatMessages" ("ReceiverId");
info: Microsoft.EntityFrameworkCore.Database.Command[20101]
      Executed DbCommand (0ms) [Parameters=[], CommandType='Text', CommandTimeout='30']
      CREATE INDEX "IX_ChatMessages_SenderId" ON "ChatMessages" ("SenderId");
info: Microsoft.EntityFrameworkCore.Database.Command[20101]
      Executed DbCommand (1ms) [Parameters=[], CommandType='Text', CommandTimeout='30']
      SELECT EXISTS (
          SELECT 1
          FROM "Users" AS "u")
info: Microsoft.EntityFrameworkCore.Database.Command[20101]
      Executed DbCommand (6ms) [Parameters=[@p0='?', @p1='?' (Size = 5), @p2='?' (DbType = Int32)], CommandType='Text', CommandTimeout='30']
      INSERT INTO "Categories" ("Icon", "Name", "ParentId")
      VALUES (@p0, @p1, @p2)
      RETURNING "Id";
info: Microsoft.EntityFrameworkCore.Database.Command[20101]
      Executed DbCommand (0ms) [Parameters=[@p0='?', @p1='?' (Size = 11), @p2='?' (DbType = Int32)], CommandType='Text', CommandTimeout='30']
      INSERT INTO "Categories" ("Icon", "Name", "ParentId")
      VALUES (@p0, @p1, @p2)
      RETURNING "Id";
info: Microsoft.EntityFrameworkCore.Database.Command[20101]
      Executed DbCommand (0ms) [Parameters=[@p0='?', @p1='?' (Size = 13), @p2='?' (DbType = Int32)], CommandType='Text', CommandTimeout='30']
      INSERT INTO "Categories" ("Icon", "Name", "ParentId")
      VALUES (@p0, @p1, @p2)
      RETURNING "Id";
info: Microsoft.EntityFrameworkCore.Database.Command[20101]
      Executed DbCommand (13ms) [Parameters=[@p0='?' (DbType = DateTime), @p1='?' (Size = 10), @p2='?' (DbType = Boolean), @p3='?' (Size = 11)], CommandType='Text', CommandTimeout='30']
      INSERT INTO "Users" ("CreatedAt", "FullName", "IsAdmin", "PhoneNumber")
      VALUES (@p0, @p1, @p2, @p3)
      RETURNING "Id";
info: Microsoft.EntityFrameworkCore.Database.Command[20101]
      Executed DbCommand (0ms) [Parameters=[@p0='?' (DbType = DateTime), @p1='?' (Size = 9), @p2='?' (DbType = Boolean), @p3='?' (Size = 11)], CommandType='Text', CommandTimeout='30']
      INSERT INTO "Users" ("CreatedAt", "FullName", "IsAdmin", "PhoneNumber")
      VALUES (@p0, @p1, @p2, @p3)
      RETURNING "Id";
info: Microsoft.EntityFrameworkCore.Database.Command[20101]
      Executed DbCommand (0ms) [Parameters=[@p0='?' (DbType = DateTime), @p1='?' (Size = 10), @p2='?' (DbType = Boolean), @p3='?' (Size = 11)], CommandType='Text', CommandTimeout='30']
      INSERT INTO "Users" ("CreatedAt", "FullName", "IsAdmin", "PhoneNumber")
      VALUES (@p0, @p1, @p2, @p3)
      RETURNING "Id";
info: Microsoft.EntityFrameworkCore.Database.Command[20101]
      Executed DbCommand (1ms) [Parameters=[@p0='?' (DbType = Int32), @p1='?' (Size = 5), @p2='?' (DbType = DateTime), @p3='?' (Size = 7), @p4='?' (Size = 10), @p5='?' (DbType = Boolean), @p6='?' (DbType = Double), @p7='?' (DbType = Double), @p8='?' (DbType = Decimal), @p9='?' (Size = 6), @p10='?' (DbType = Int32)], CommandType='Text', CommandTimeout='30']
      INSERT INTO "Advertisements" ("CategoryId", "City", "CreatedAt", "Description", "District", "IsApproved", "Latitude", "Longitude", "Price", "Title", "UserId")
      VALUES (@p0, @p1, @p2, @p3, @p4, @p5, @p6, @p7, @p8, @p9, @p10)
      RETURNING "Id";
warn: Microsoft.AspNetCore.DataProtection.KeyManagement.XmlKeyManager[35]
      No XML encryptor configured. Key {8206b9fa-55db-4bfd-94ff-f73043dac3d4} may be persisted to storage in unencrypted form.
info: Microsoft.Hosting.Lifetime[14]
      Now listening on: http://localhost:5000
info: Microsoft.Hosting.Lifetime[0]
      Application started. Press Ctrl+C to shut down.
info: Microsoft.Hosting.Lifetime[0]
      Hosting environment: Development
info: Microsoft.Hosting.Lifetime[0]
      Content root path: /app/PanjerehDotNet/src/PanjerehDotNet.Web
info: Microsoft.EntityFrameworkCore.Database.Command[20101]
      Executed DbCommand (1ms) [Parameters=[@__p_1='?' (DbType = Int32), @__p_0='?' (DbType = Int32)], CommandType='Text', CommandTimeout='30']
      SELECT "t"."Id", "t"."CategoryId", "t"."City", "t"."CreatedAt", "t"."Description", "t"."District", "t"."IsApproved", "t"."Latitude", "t"."Longitude", "t"."Price", "t"."Title", "t"."UserId", "c"."Id", "a0"."Id", "a0"."AdvertisementId", "a0"."Url", "c"."Icon", "c"."Name", "c"."ParentId"
      FROM (
          SELECT "a"."Id", "a"."CategoryId", "a"."City", "a"."CreatedAt", "a"."Description", "a"."District", "a"."IsApproved", "a"."Latitude", "a"."Longitude", "a"."Price", "a"."Title", "a"."UserId"
          FROM "Advertisements" AS "a"
          ORDER BY "a"."CreatedAt" DESC
          LIMIT @__p_1 OFFSET @__p_0
      ) AS "t"
      INNER JOIN "Categories" AS "c" ON "t"."CategoryId" = "c"."Id"
      LEFT JOIN "AdImages" AS "a0" ON "t"."Id" = "a0"."AdvertisementId"
      ORDER BY "t"."CreatedAt" DESC, "t"."Id", "c"."Id"
info: Microsoft.EntityFrameworkCore.Database.Command[20101]
      Executed DbCommand (1ms) [Parameters=[@__p_1='?' (DbType = Int32), @__p_0='?' (DbType = Int32)], CommandType='Text', CommandTimeout='30']
      SELECT "t"."Id", "t"."CategoryId", "t"."City", "t"."CreatedAt", "t"."Description", "t"."District", "t"."IsApproved", "t"."Latitude", "t"."Longitude", "t"."Price", "t"."Title", "t"."UserId", "c"."Id", "a0"."Id", "a0"."AdvertisementId", "a0"."Url", "c"."Icon", "c"."Name", "c"."ParentId"
      FROM (
          SELECT "a"."Id", "a"."CategoryId", "a"."City", "a"."CreatedAt", "a"."Description", "a"."District", "a"."IsApproved", "a"."Latitude", "a"."Longitude", "a"."Price", "a"."Title", "a"."UserId"
          FROM "Advertisements" AS "a"
          ORDER BY "a"."CreatedAt" DESC
          LIMIT @__p_1 OFFSET @__p_0
      ) AS "t"
      INNER JOIN "Categories" AS "c" ON "t"."CategoryId" = "c"."Id"
      LEFT JOIN "AdImages" AS "a0" ON "t"."Id" = "a0"."AdvertisementId"
      ORDER BY "t"."CreatedAt" DESC, "t"."Id", "c"."Id"
info: Microsoft.EntityFrameworkCore.Database.Command[20101]
      Executed DbCommand (0ms) [Parameters=[@__p_0='?' (DbType = Int32)], CommandType='Text', CommandTimeout='30']
      SELECT "a"."Id", "a"."CategoryId", "a"."City", "a"."CreatedAt", "a"."Description", "a"."District", "a"."IsApproved", "a"."Latitude", "a"."Longitude", "a"."Price", "a"."Title", "a"."UserId"
      FROM "Advertisements" AS "a"
      WHERE "a"."Id" = @__p_0
      LIMIT 1
info: Microsoft.Hosting.Lifetime[0]
      Application is shutting down...
